<?xml version="1.0" encoding="UTF-8"?>
<coverage generated="1733341251578" clover="3.2.0">
  <project timestamp="1733341251579" name="All files">
    <metrics statements="9" coveredstatements="0" conditionals="4" coveredconditionals="0" methods="2" coveredmethods="0" elements="15" coveredelements="0" complexity="0" loc="9" ncloc="9" packages="1" files="2" classes="2"/>
    <file name="config.js" path="/Users/admin/Desktop/sem5pi-24-25-g034/SPA/src/config.js">
      <metrics statements="1" coveredstatements="0" conditionals="0" coveredconditionals="0" methods="0" coveredmethods="0"/>
      <line num="1" count="0" type="stmt"/>
    </file>
    <file name="reportWebVitals.js" path="/Users/admin/Desktop/sem5pi-24-25-g034/SPA/src/reportWebVitals.js">
      <metrics statements="8" coveredstatements="0" conditionals="4" coveredconditionals="0" methods="2" coveredmethods="0"/>
      <line num="1" count="0" type="stmt"/>
      <line num="2" count="0" type="cond" truecount="0" falsecount="4"/>
      <line num="3" count="0" type="stmt"/>
      <line num="4" count="0" type="stmt"/>
      <line num="5" count="0" type="stmt"/>
      <line num="6" count="0" type="stmt"/>
      <line num="7" count="0" type="stmt"/>
      <line num="8" count="0" type="stmt"/>
    </file>
  </project>
</coverage>
